2025-02-25 19:53:16 - Request URL: / | Processing Time: 0.0259 sec
2025-02-25 19:53:17 - Request URL: /book_detail/5/ | Processing Time: 0.0051 sec
2025-02-25 19:53:19 - Request URL: /update_book/5/ | Processing Time: 0.0200 sec
2025-02-25 19:54:47 - Request URL: /update_book/5/ | Processing Time: 0.0558 sec
2025-02-25 19:54:47 - Request URL: /book_detail/5/ | Processing Time: 0.0164 sec
2025-02-25 20:11:25 - C:\Users\User\Desktop\books\myproject\myproject\settings.py changed, reloading.
2025-03-08 21:28:05 - Request URL: / | Processing Time: 0.8404 sec
2025-03-08 21:28:06 - Request URL: /files/illustrations/avatar.png | Processing Time: 0.0010 sec
2025-03-08 21:28:06 - Request URL: /files/https:/i0.wp.com/thegemsbok.com/wp-content/uploads/2015/11/The-Stranger-book-cover.png?resize=262%2C400 | Processing Time: 0.5148 sec
2025-03-08 21:28:06 - Request URL: /files/https:/encrypted-tbn0.gstatic.com/images?q=tbn:ANd9GcTGz6gQLP7iVUf5rkjXbvyO5npCHt-nd3lzsg&s | Processing Time: 0.5178 sec
2025-03-08 21:28:06 - Not Found: /files/https:/i0.wp.com/thegemsbok.com/wp-content/uploads/2015/11/The-Stranger-book-cover.png?resize=262%2C400
2025-03-08 21:28:06 - Not Found: /files/https:/encrypted-tbn0.gstatic.com/images?q=tbn:ANd9GcTGz6gQLP7iVUf5rkjXbvyO5npCHt-nd3lzsg&s
2025-03-08 21:28:06 - Request URL: /favicon.ico | Processing Time: 0.0071 sec
2025-03-08 21:28:06 - Not Found: /favicon.ico
2025-03-08 21:28:26 - Request URL: / | Processing Time: 0.0132 sec
2025-03-08 21:28:26 - Request URL: /files/https:/i0.wp.com/thegemsbok.com/wp-content/uploads/2015/11/The-Stranger-book-cover.png?resize=262%2C400 | Processing Time: 0.0095 sec
2025-03-08 21:28:26 - Request URL: /files/https:/encrypted-tbn0.gstatic.com/images?q=tbn:ANd9GcTGz6gQLP7iVUf5rkjXbvyO5npCHt-nd3lzsg&s | Processing Time: 0.0124 sec
2025-03-08 21:28:26 - Not Found: /files/https:/i0.wp.com/thegemsbok.com/wp-content/uploads/2015/11/The-Stranger-book-cover.png?resize=262%2C400
2025-03-08 21:28:26 - Not Found: /files/https:/encrypted-tbn0.gstatic.com/images?q=tbn:ANd9GcTGz6gQLP7iVUf5rkjXbvyO5npCHt-nd3lzsg&s
2025-03-08 21:29:28 - Internal Server Error: /
Traceback (most recent call last):
  File "C:\Users\User\.virtualenvs\User-jBUq-HwN\Lib\site-packages\django\core\handlers\exception.py", line 55, in inner
    response = get_response(request)
               ^^^^^^^^^^^^^^^^^^^^^
  File "C:\Users\User\.virtualenvs\User-jBUq-HwN\Lib\site-packages\django\core\handlers\base.py", line 197, in _get_response
    response = wrapped_callback(request, *callback_args, **callback_kwargs)
               ^^^^^^^^^^^^^^^^^^^^^^^^^^^^^^^^^^^^^^^^^^^^^^^^^^^^^^^^^^^^
  File "C:\Users\User\Desktop\books\myproject\books\views.py", line 30, in home
    return render(request, 'books/home.html', context)
           ^^^^^^^^^^^^^^^^^^^^^^^^^^^^^^^^^^^^^^^^^^^
  File "C:\Users\User\.virtualenvs\User-jBUq-HwN\Lib\site-packages\django\shortcuts.py", line 25, in render
    content = loader.render_to_string(template_name, context, request, using=using)
              ^^^^^^^^^^^^^^^^^^^^^^^^^^^^^^^^^^^^^^^^^^^^^^^^^^^^^^^^^^^^^^^^^^^^^
  File "C:\Users\User\.virtualenvs\User-jBUq-HwN\Lib\site-packages\django\template\loader.py", line 62, in render_to_string
    return template.render(context, request)
           ^^^^^^^^^^^^^^^^^^^^^^^^^^^^^^^^^
  File "C:\Users\User\.virtualenvs\User-jBUq-HwN\Lib\site-packages\django\template\backends\django.py", line 61, in render
    return self.template.render(context)
           ^^^^^^^^^^^^^^^^^^^^^^^^^^^^^
  File "C:\Users\User\.virtualenvs\User-jBUq-HwN\Lib\site-packages\django\template\base.py", line 171, in render
    return self._render(context)
           ^^^^^^^^^^^^^^^^^^^^^
  File "C:\Users\User\.virtualenvs\User-jBUq-HwN\Lib\site-packages\django\template\base.py", line 163, in _render
    return self.nodelist.render(context)
           ^^^^^^^^^^^^^^^^^^^^^^^^^^^^^
  File "C:\Users\User\.virtualenvs\User-jBUq-HwN\Lib\site-packages\django\template\base.py", line 1000, in render
    return SafeString("".join([node.render_annotated(context) for node in self]))
                               ^^^^^^^^^^^^^^^^^^^^^^^^^^^^^^
  File "C:\Users\User\.virtualenvs\User-jBUq-HwN\Lib\site-packages\django\template\base.py", line 961, in render_annotated
    return self.render(context)
           ^^^^^^^^^^^^^^^^^^^^
  File "C:\Users\User\.virtualenvs\User-jBUq-HwN\Lib\site-packages\django\template\loader_tags.py", line 159, in render
    return compiled_parent._render(context)
           ^^^^^^^^^^^^^^^^^^^^^^^^^^^^^^^^
  File "C:\Users\User\.virtualenvs\User-jBUq-HwN\Lib\site-packages\django\template\base.py", line 163, in _render
    return self.nodelist.render(context)
           ^^^^^^^^^^^^^^^^^^^^^^^^^^^^^
  File "C:\Users\User\.virtualenvs\User-jBUq-HwN\Lib\site-packages\django\template\base.py", line 1000, in render
    return SafeString("".join([node.render_annotated(context) for node in self]))
                               ^^^^^^^^^^^^^^^^^^^^^^^^^^^^^^
  File "C:\Users\User\.virtualenvs\User-jBUq-HwN\Lib\site-packages\django\template\base.py", line 961, in render_annotated
    return self.render(context)
           ^^^^^^^^^^^^^^^^^^^^
  File "C:\Users\User\.virtualenvs\User-jBUq-HwN\Lib\site-packages\django\template\loader_tags.py", line 65, in render
    result = block.nodelist.render(context)
             ^^^^^^^^^^^^^^^^^^^^^^^^^^^^^^
  File "C:\Users\User\.virtualenvs\User-jBUq-HwN\Lib\site-packages\django\template\base.py", line 1000, in render
    return SafeString("".join([node.render_annotated(context) for node in self]))
                               ^^^^^^^^^^^^^^^^^^^^^^^^^^^^^^
  File "C:\Users\User\.virtualenvs\User-jBUq-HwN\Lib\site-packages\django\template\base.py", line 961, in render_annotated
    return self.render(context)
           ^^^^^^^^^^^^^^^^^^^^
  File "C:\Users\User\.virtualenvs\User-jBUq-HwN\Lib\site-packages\django\template\loader_tags.py", line 210, in render
    return template.render(context)
           ^^^^^^^^^^^^^^^^^^^^^^^^
  File "C:\Users\User\.virtualenvs\User-jBUq-HwN\Lib\site-packages\django\template\base.py", line 173, in render
    return self._render(context)
           ^^^^^^^^^^^^^^^^^^^^^
  File "C:\Users\User\.virtualenvs\User-jBUq-HwN\Lib\site-packages\django\template\base.py", line 163, in _render
    return self.nodelist.render(context)
           ^^^^^^^^^^^^^^^^^^^^^^^^^^^^^
  File "C:\Users\User\.virtualenvs\User-jBUq-HwN\Lib\site-packages\django\template\base.py", line 1000, in render
    return SafeString("".join([node.render_annotated(context) for node in self]))
                               ^^^^^^^^^^^^^^^^^^^^^^^^^^^^^^
  File "C:\Users\User\.virtualenvs\User-jBUq-HwN\Lib\site-packages\django\template\base.py", line 961, in render_annotated
    return self.render(context)
           ^^^^^^^^^^^^^^^^^^^^
  File "C:\Users\User\.virtualenvs\User-jBUq-HwN\Lib\site-packages\django\template\loader_tags.py", line 56, in render
    result = self.nodelist.render(context)
             ^^^^^^^^^^^^^^^^^^^^^^^^^^^^^
  File "C:\Users\User\.virtualenvs\User-jBUq-HwN\Lib\site-packages\django\template\base.py", line 1000, in render
    return SafeString("".join([node.render_annotated(context) for node in self]))
                               ^^^^^^^^^^^^^^^^^^^^^^^^^^^^^^
  File "C:\Users\User\.virtualenvs\User-jBUq-HwN\Lib\site-packages\django\template\base.py", line 961, in render_annotated
    return self.render(context)
           ^^^^^^^^^^^^^^^^^^^^
  File "C:\Users\User\.virtualenvs\User-jBUq-HwN\Lib\site-packages\django\template\defaulttags.py", line 242, in render
    nodelist.append(node.render_annotated(context))
                    ^^^^^^^^^^^^^^^^^^^^^^^^^^^^^^
  File "C:\Users\User\.virtualenvs\User-jBUq-HwN\Lib\site-packages\django\template\base.py", line 961, in render_annotated
    return self.render(context)
           ^^^^^^^^^^^^^^^^^^^^
  File "C:\Users\User\.virtualenvs\User-jBUq-HwN\Lib\site-packages\django\template\defaulttags.py", line 479, in render
    url = reverse(view_name, args=args, kwargs=kwargs, current_app=current_app)
          ^^^^^^^^^^^^^^^^^^^^^^^^^^^^^^^^^^^^^^^^^^^^^^^^^^^^^^^^^^^^^^^^^^^^^
  File "C:\Users\User\.virtualenvs\User-jBUq-HwN\Lib\site-packages\django\urls\base.py", line 88, in reverse
    return resolver._reverse_with_prefix(view, prefix, *args, **kwargs)
           ^^^^^^^^^^^^^^^^^^^^^^^^^^^^^^^^^^^^^^^^^^^^^^^^^^^^^^^^^^^^
  File "C:\Users\User\.virtualenvs\User-jBUq-HwN\Lib\site-packages\django\urls\resolvers.py", line 851, in _reverse_with_prefix
    raise NoReverseMatch(msg)
django.urls.exceptions.NoReverseMatch: Reverse for 'purchase_book' not found. 'purchase_book' is not a valid view function or pattern name.
2025-03-08 21:29:28 - Request URL: / | Processing Time: 0.5365 sec
2025-03-08 21:30:26 - Request URL: / | Processing Time: 0.0169 sec
2025-03-08 21:30:26 - Request URL: /files/https:/encrypted-tbn0.gstatic.com/images?q=tbn:ANd9GcTGz6gQLP7iVUf5rkjXbvyO5npCHt-nd3lzsg&s | Processing Time: 0.0113 sec
2025-03-08 21:30:26 - Request URL: /files/https:/i0.wp.com/thegemsbok.com/wp-content/uploads/2015/11/The-Stranger-book-cover.png?resize=262%2C400 | Processing Time: 0.0113 sec
2025-03-08 21:30:26 - Not Found: /files/https:/encrypted-tbn0.gstatic.com/images?q=tbn:ANd9GcTGz6gQLP7iVUf5rkjXbvyO5npCHt-nd3lzsg&s
2025-03-08 21:30:26 - Not Found: /files/https:/i0.wp.com/thegemsbok.com/wp-content/uploads/2015/11/The-Stranger-book-cover.png?resize=262%2C400
2025-03-08 21:30:31 - Request URL: /buy/6/ | Processing Time: 0.0090 sec
2025-03-08 21:30:40 - Request URL: /buy/6/ | Processing Time: 3.0137 sec
2025-03-08 21:30:40 - Request URL: /buy/6/ | Processing Time: 2.1364 sec
2025-03-08 21:30:40 - Request URL: / | Processing Time: 0.0070 sec
2025-03-08 21:30:41 - Request URL: /files/https:/encrypted-tbn0.gstatic.com/images?q=tbn:ANd9GcTGz6gQLP7iVUf5rkjXbvyO5npCHt-nd3lzsg&s | Processing Time: 0.0431 sec
2025-03-08 21:30:41 - Request URL: /files/https:/i0.wp.com/thegemsbok.com/wp-content/uploads/2015/11/The-Stranger-book-cover.png?resize=262%2C400 | Processing Time: 0.0426 sec
2025-03-08 21:30:41 - Not Found: /files/https:/encrypted-tbn0.gstatic.com/images?q=tbn:ANd9GcTGz6gQLP7iVUf5rkjXbvyO5npCHt-nd3lzsg&s
2025-03-08 21:30:41 - Not Found: /files/https:/i0.wp.com/thegemsbok.com/wp-content/uploads/2015/11/The-Stranger-book-cover.png?resize=262%2C400
2025-03-08 21:32:03 - Request URL: / | Processing Time: 0.0590 sec
2025-03-08 21:32:03 - Request URL: /files/https:/encrypted-tbn0.gstatic.com/images?q=tbn:ANd9GcTGz6gQLP7iVUf5rkjXbvyO5npCHt-nd3lzsg&s | Processing Time: 0.0300 sec
2025-03-08 21:32:03 - Request URL: /files/https:/i0.wp.com/thegemsbok.com/wp-content/uploads/2015/11/The-Stranger-book-cover.png?resize=262%2C400 | Processing Time: 0.0296 sec
2025-03-08 21:32:03 - Not Found: /files/https:/encrypted-tbn0.gstatic.com/images?q=tbn:ANd9GcTGz6gQLP7iVUf5rkjXbvyO5npCHt-nd3lzsg&s
2025-03-08 21:32:03 - Not Found: /files/https:/i0.wp.com/thegemsbok.com/wp-content/uploads/2015/11/The-Stranger-book-cover.png?resize=262%2C400
2025-03-08 21:32:07 - Request URL: /logout/ | Processing Time: 0.0259 sec
2025-03-08 21:32:07 - Request URL: / | Processing Time: 0.0180 sec
2025-03-08 21:32:07 - Request URL: /files/https:/encrypted-tbn0.gstatic.com/images?q=tbn:ANd9GcTGz6gQLP7iVUf5rkjXbvyO5npCHt-nd3lzsg&s | Processing Time: 0.0107 sec
2025-03-08 21:32:07 - Request URL: /files/https:/i0.wp.com/thegemsbok.com/wp-content/uploads/2015/11/The-Stranger-book-cover.png?resize=262%2C400 | Processing Time: 0.0121 sec
2025-03-08 21:32:07 - Not Found: /files/https:/encrypted-tbn0.gstatic.com/images?q=tbn:ANd9GcTGz6gQLP7iVUf5rkjXbvyO5npCHt-nd3lzsg&s
2025-03-08 21:32:07 - Not Found: /files/https:/i0.wp.com/thegemsbok.com/wp-content/uploads/2015/11/The-Stranger-book-cover.png?resize=262%2C400
2025-03-08 21:32:09 - Request URL: /login/ | Processing Time: 0.0910 sec
2025-03-08 21:35:01 - Request URL: /login/ | Processing Time: 0.0168 sec
2025-03-08 21:35:26 - Request URL: /login/ | Processing Time: 0.0051 sec
2025-03-08 21:35:32 - Request URL: /login/ | Processing Time: 0.3932 sec
2025-03-08 21:39:14 - Request URL: / | Processing Time: 0.1027 sec
2025-03-08 21:39:14 - Request URL: /files/https:/i0.wp.com/thegemsbok.com/wp-content/uploads/2015/11/The-Stranger-book-cover.png?resize=262%2C400 | Processing Time: 0.0424 sec
2025-03-08 21:39:14 - Request URL: /files/https:/encrypted-tbn0.gstatic.com/images?q=tbn:ANd9GcTGz6gQLP7iVUf5rkjXbvyO5npCHt-nd3lzsg&s | Processing Time: 0.0369 sec
2025-03-08 21:39:14 - Not Found: /files/https:/i0.wp.com/thegemsbok.com/wp-content/uploads/2015/11/The-Stranger-book-cover.png?resize=262%2C400
2025-03-08 21:39:14 - Not Found: /files/https:/encrypted-tbn0.gstatic.com/images?q=tbn:ANd9GcTGz6gQLP7iVUf5rkjXbvyO5npCHt-nd3lzsg&s
2025-03-08 21:39:19 - Request URL: /password_change/ | Processing Time: 0.5766 sec
2025-03-08 21:39:19 - Request URL: /password_change/ | Processing Time: 0.0000 sec
2025-03-08 21:39:19 - Request URL: /accounts/login/ | Processing Time: 0.0753 sec
2025-03-08 21:39:19 - Not Found: /accounts/login/
2025-03-08 21:39:47 - Request URL: /login/ | Processing Time: 0.0030 sec
2025-03-08 21:39:51 - Request URL: /login/ | Processing Time: 0.4635 sec
2025-03-08 21:39:51 - Request URL: / | Processing Time: 0.0140 sec
2025-03-08 21:39:51 - Request URL: /files/https:/i0.wp.com/thegemsbok.com/wp-content/uploads/2015/11/The-Stranger-book-cover.png?resize=262%2C400 | Processing Time: 0.0136 sec
2025-03-08 21:39:51 - Request URL: /files/https:/encrypted-tbn0.gstatic.com/images?q=tbn:ANd9GcTGz6gQLP7iVUf5rkjXbvyO5npCHt-nd3lzsg&s | Processing Time: 0.0164 sec
2025-03-08 21:39:51 - Not Found: /files/https:/i0.wp.com/thegemsbok.com/wp-content/uploads/2015/11/The-Stranger-book-cover.png?resize=262%2C400
2025-03-08 21:39:51 - Not Found: /files/https:/encrypted-tbn0.gstatic.com/images?q=tbn:ANd9GcTGz6gQLP7iVUf5rkjXbvyO5npCHt-nd3lzsg&s
2025-03-08 21:40:14 - Request URL: / | Processing Time: 0.0174 sec
2025-03-08 21:40:14 - Request URL: /files/https:/i0.wp.com/thegemsbok.com/wp-content/uploads/2015/11/The-Stranger-book-cover.png?resize=262%2C400 | Processing Time: 0.0093 sec
2025-03-08 21:40:14 - Request URL: /files/https:/encrypted-tbn0.gstatic.com/images?q=tbn:ANd9GcTGz6gQLP7iVUf5rkjXbvyO5npCHt-nd3lzsg&s | Processing Time: 0.0129 sec
2025-03-08 21:40:14 - Not Found: /files/https:/i0.wp.com/thegemsbok.com/wp-content/uploads/2015/11/The-Stranger-book-cover.png?resize=262%2C400
2025-03-08 21:40:14 - Not Found: /files/https:/encrypted-tbn0.gstatic.com/images?q=tbn:ANd9GcTGz6gQLP7iVUf5rkjXbvyO5npCHt-nd3lzsg&s
2025-03-08 21:40:17 - Internal Server Error: /password_change/
Traceback (most recent call last):
  File "C:\Users\User\.virtualenvs\User-jBUq-HwN\Lib\site-packages\django\core\handlers\exception.py", line 55, in inner
    response = get_response(request)
               ^^^^^^^^^^^^^^^^^^^^^
  File "C:\Users\User\.virtualenvs\User-jBUq-HwN\Lib\site-packages\django\core\handlers\base.py", line 220, in _get_response
    response = response.render()
               ^^^^^^^^^^^^^^^^^
  File "C:\Users\User\.virtualenvs\User-jBUq-HwN\Lib\site-packages\django\template\response.py", line 114, in render
    self.content = self.rendered_content
                   ^^^^^^^^^^^^^^^^^^^^^
  File "C:\Users\User\.virtualenvs\User-jBUq-HwN\Lib\site-packages\django\template\response.py", line 90, in rendered_content
    template = self.resolve_template(self.template_name)
               ^^^^^^^^^^^^^^^^^^^^^^^^^^^^^^^^^^^^^^^^^
  File "C:\Users\User\.virtualenvs\User-jBUq-HwN\Lib\site-packages\django\template\response.py", line 72, in resolve_template
    return select_template(template, using=self.using)
           ^^^^^^^^^^^^^^^^^^^^^^^^^^^^^^^^^^^^^^^^^^^
  File "C:\Users\User\.virtualenvs\User-jBUq-HwN\Lib\site-packages\django\template\loader.py", line 47, in select_template
    raise TemplateDoesNotExist(", ".join(template_name_list), chain=chain)
django.template.exceptions.TemplateDoesNotExist: auth/password_change.html
2025-03-08 21:40:17 - Request URL: /password_change/ | Processing Time: 1.4008 sec
2025-03-08 21:41:18 - C:\Users\User\Desktop\books\myproject\authentication\urls.py changed, reloading.
2025-03-08 21:41:20 - Internal Server Error: /password_change/
Traceback (most recent call last):
  File "C:\Users\User\.virtualenvs\User-jBUq-HwN\Lib\site-packages\django\core\handlers\exception.py", line 55, in inner
    response = get_response(request)
               ^^^^^^^^^^^^^^^^^^^^^
  File "C:\Users\User\.virtualenvs\User-jBUq-HwN\Lib\site-packages\django\core\handlers\base.py", line 220, in _get_response
    response = response.render()
               ^^^^^^^^^^^^^^^^^
  File "C:\Users\User\.virtualenvs\User-jBUq-HwN\Lib\site-packages\django\template\response.py", line 114, in render
    self.content = self.rendered_content
                   ^^^^^^^^^^^^^^^^^^^^^
  File "C:\Users\User\.virtualenvs\User-jBUq-HwN\Lib\site-packages\django\template\response.py", line 90, in rendered_content
    template = self.resolve_template(self.template_name)
               ^^^^^^^^^^^^^^^^^^^^^^^^^^^^^^^^^^^^^^^^^
  File "C:\Users\User\.virtualenvs\User-jBUq-HwN\Lib\site-packages\django\template\response.py", line 72, in resolve_template
    return select_template(template, using=self.using)
           ^^^^^^^^^^^^^^^^^^^^^^^^^^^^^^^^^^^^^^^^^^^
  File "C:\Users\User\.virtualenvs\User-jBUq-HwN\Lib\site-packages\django\template\loader.py", line 47, in select_template
    raise TemplateDoesNotExist(", ".join(template_name_list), chain=chain)
django.template.exceptions.TemplateDoesNotExist: password_change.html
2025-03-08 21:41:20 - Request URL: /password_change/ | Processing Time: 0.0863 sec
2025-03-08 21:41:22 - Internal Server Error: /password_change/
Traceback (most recent call last):
  File "C:\Users\User\.virtualenvs\User-jBUq-HwN\Lib\site-packages\django\core\handlers\exception.py", line 55, in inner
    response = get_response(request)
               ^^^^^^^^^^^^^^^^^^^^^
  File "C:\Users\User\.virtualenvs\User-jBUq-HwN\Lib\site-packages\django\core\handlers\base.py", line 220, in _get_response
    response = response.render()
               ^^^^^^^^^^^^^^^^^
  File "C:\Users\User\.virtualenvs\User-jBUq-HwN\Lib\site-packages\django\template\response.py", line 114, in render
    self.content = self.rendered_content
                   ^^^^^^^^^^^^^^^^^^^^^
  File "C:\Users\User\.virtualenvs\User-jBUq-HwN\Lib\site-packages\django\template\response.py", line 90, in rendered_content
    template = self.resolve_template(self.template_name)
               ^^^^^^^^^^^^^^^^^^^^^^^^^^^^^^^^^^^^^^^^^
  File "C:\Users\User\.virtualenvs\User-jBUq-HwN\Lib\site-packages\django\template\response.py", line 72, in resolve_template
    return select_template(template, using=self.using)
           ^^^^^^^^^^^^^^^^^^^^^^^^^^^^^^^^^^^^^^^^^^^
  File "C:\Users\User\.virtualenvs\User-jBUq-HwN\Lib\site-packages\django\template\loader.py", line 47, in select_template
    raise TemplateDoesNotExist(", ".join(template_name_list), chain=chain)
django.template.exceptions.TemplateDoesNotExist: password_change.html
2025-03-08 21:41:22 - Request URL: /password_change/ | Processing Time: 0.0314 sec
2025-03-08 21:41:23 - Internal Server Error: /password_change/
Traceback (most recent call last):
  File "C:\Users\User\.virtualenvs\User-jBUq-HwN\Lib\site-packages\django\core\handlers\exception.py", line 55, in inner
    response = get_response(request)
               ^^^^^^^^^^^^^^^^^^^^^
  File "C:\Users\User\.virtualenvs\User-jBUq-HwN\Lib\site-packages\django\core\handlers\base.py", line 220, in _get_response
    response = response.render()
               ^^^^^^^^^^^^^^^^^
  File "C:\Users\User\.virtualenvs\User-jBUq-HwN\Lib\site-packages\django\template\response.py", line 114, in render
    self.content = self.rendered_content
                   ^^^^^^^^^^^^^^^^^^^^^
  File "C:\Users\User\.virtualenvs\User-jBUq-HwN\Lib\site-packages\django\template\response.py", line 90, in rendered_content
    template = self.resolve_template(self.template_name)
               ^^^^^^^^^^^^^^^^^^^^^^^^^^^^^^^^^^^^^^^^^
  File "C:\Users\User\.virtualenvs\User-jBUq-HwN\Lib\site-packages\django\template\response.py", line 72, in resolve_template
    return select_template(template, using=self.using)
           ^^^^^^^^^^^^^^^^^^^^^^^^^^^^^^^^^^^^^^^^^^^
  File "C:\Users\User\.virtualenvs\User-jBUq-HwN\Lib\site-packages\django\template\loader.py", line 47, in select_template
    raise TemplateDoesNotExist(", ".join(template_name_list), chain=chain)
django.template.exceptions.TemplateDoesNotExist: password_change.html
2025-03-08 21:41:23 - Request URL: /password_change/ | Processing Time: 0.0354 sec
2025-03-08 21:41:24 - Internal Server Error: /password_change/
Traceback (most recent call last):
  File "C:\Users\User\.virtualenvs\User-jBUq-HwN\Lib\site-packages\django\core\handlers\exception.py", line 55, in inner
    response = get_response(request)
               ^^^^^^^^^^^^^^^^^^^^^
  File "C:\Users\User\.virtualenvs\User-jBUq-HwN\Lib\site-packages\django\core\handlers\base.py", line 220, in _get_response
    response = response.render()
               ^^^^^^^^^^^^^^^^^
  File "C:\Users\User\.virtualenvs\User-jBUq-HwN\Lib\site-packages\django\template\response.py", line 114, in render
    self.content = self.rendered_content
                   ^^^^^^^^^^^^^^^^^^^^^
  File "C:\Users\User\.virtualenvs\User-jBUq-HwN\Lib\site-packages\django\template\response.py", line 90, in rendered_content
    template = self.resolve_template(self.template_name)
               ^^^^^^^^^^^^^^^^^^^^^^^^^^^^^^^^^^^^^^^^^
  File "C:\Users\User\.virtualenvs\User-jBUq-HwN\Lib\site-packages\django\template\response.py", line 72, in resolve_template
    return select_template(template, using=self.using)
           ^^^^^^^^^^^^^^^^^^^^^^^^^^^^^^^^^^^^^^^^^^^
  File "C:\Users\User\.virtualenvs\User-jBUq-HwN\Lib\site-packages\django\template\loader.py", line 47, in select_template
    raise TemplateDoesNotExist(", ".join(template_name_list), chain=chain)
django.template.exceptions.TemplateDoesNotExist: password_change.html
2025-03-08 21:41:24 - Request URL: /password_change/ | Processing Time: 0.0415 sec
2025-03-08 21:41:40 - C:\Users\User\Desktop\books\myproject\authentication\urls.py changed, reloading.
2025-03-08 21:44:45 - Request URL: / | Processing Time: 0.0851 sec
2025-03-08 21:44:45 - Request URL: /files/https:/encrypted-tbn0.gstatic.com/images?q=tbn:ANd9GcTGz6gQLP7iVUf5rkjXbvyO5npCHt-nd3lzsg&s | Processing Time: 0.0216 sec
2025-03-08 21:44:45 - Request URL: /files/https:/i0.wp.com/thegemsbok.com/wp-content/uploads/2015/11/The-Stranger-book-cover.png?resize=262%2C400 | Processing Time: 0.0238 sec
2025-03-08 21:44:45 - Not Found: /files/https:/encrypted-tbn0.gstatic.com/images?q=tbn:ANd9GcTGz6gQLP7iVUf5rkjXbvyO5npCHt-nd3lzsg&s
2025-03-08 21:44:45 - Not Found: /files/https:/i0.wp.com/thegemsbok.com/wp-content/uploads/2015/11/The-Stranger-book-cover.png?resize=262%2C400
2025-03-08 21:44:47 - Internal Server Error: /password_change/
Traceback (most recent call last):
  File "C:\Users\User\.virtualenvs\User-jBUq-HwN\Lib\site-packages\django\core\handlers\exception.py", line 55, in inner
    response = get_response(request)
               ^^^^^^^^^^^^^^^^^^^^^
  File "C:\Users\User\.virtualenvs\User-jBUq-HwN\Lib\site-packages\django\core\handlers\base.py", line 220, in _get_response
    response = response.render()
               ^^^^^^^^^^^^^^^^^
  File "C:\Users\User\.virtualenvs\User-jBUq-HwN\Lib\site-packages\django\template\response.py", line 114, in render
    self.content = self.rendered_content
                   ^^^^^^^^^^^^^^^^^^^^^
  File "C:\Users\User\.virtualenvs\User-jBUq-HwN\Lib\site-packages\django\template\response.py", line 90, in rendered_content
    template = self.resolve_template(self.template_name)
               ^^^^^^^^^^^^^^^^^^^^^^^^^^^^^^^^^^^^^^^^^
  File "C:\Users\User\.virtualenvs\User-jBUq-HwN\Lib\site-packages\django\template\response.py", line 72, in resolve_template
    return select_template(template, using=self.using)
           ^^^^^^^^^^^^^^^^^^^^^^^^^^^^^^^^^^^^^^^^^^^
  File "C:\Users\User\.virtualenvs\User-jBUq-HwN\Lib\site-packages\django\template\loader.py", line 47, in select_template
    raise TemplateDoesNotExist(", ".join(template_name_list), chain=chain)
django.template.exceptions.TemplateDoesNotExist: auth/password_change.html
2025-03-08 21:44:47 - Request URL: /password_change/ | Processing Time: 0.0721 sec
2025-03-08 21:46:47 - C:\Users\User\Desktop\books\myproject\authentication\urls.py changed, reloading.
2025-03-08 21:46:56 - Request URL: /password_change/ | Processing Time: 0.2542 sec
2025-03-08 21:47:07 - Request URL: /logout/ | Processing Time: 0.0280 sec
2025-03-08 21:47:07 - Request URL: / | Processing Time: 0.0368 sec
2025-03-08 21:47:07 - Request URL: /files/https:/encrypted-tbn0.gstatic.com/images?q=tbn:ANd9GcTGz6gQLP7iVUf5rkjXbvyO5npCHt-nd3lzsg&s | Processing Time: 0.0214 sec
2025-03-08 21:47:07 - Request URL: /files/https:/i0.wp.com/thegemsbok.com/wp-content/uploads/2015/11/The-Stranger-book-cover.png?resize=262%2C400 | Processing Time: 0.0214 sec
2025-03-08 21:47:07 - Not Found: /files/https:/encrypted-tbn0.gstatic.com/images?q=tbn:ANd9GcTGz6gQLP7iVUf5rkjXbvyO5npCHt-nd3lzsg&s
2025-03-08 21:47:07 - Not Found: /files/https:/i0.wp.com/thegemsbok.com/wp-content/uploads/2015/11/The-Stranger-book-cover.png?resize=262%2C400
2025-03-08 21:47:08 - Request URL: /login/ | Processing Time: 0.0030 sec
2025-03-08 21:47:14 - Request URL: /login/ | Processing Time: 0.5820 sec
2025-03-08 21:47:14 - Request URL: / | Processing Time: 0.0213 sec
2025-03-08 21:47:14 - Request URL: /files/https:/encrypted-tbn0.gstatic.com/images?q=tbn:ANd9GcTGz6gQLP7iVUf5rkjXbvyO5npCHt-nd3lzsg&s | Processing Time: 0.0136 sec
2025-03-08 21:47:14 - Request URL: /files/https:/i0.wp.com/thegemsbok.com/wp-content/uploads/2015/11/The-Stranger-book-cover.png?resize=262%2C400 | Processing Time: 0.0142 sec
2025-03-08 21:47:14 - Not Found: /files/https:/encrypted-tbn0.gstatic.com/images?q=tbn:ANd9GcTGz6gQLP7iVUf5rkjXbvyO5npCHt-nd3lzsg&s
2025-03-08 21:47:14 - Not Found: /files/https:/i0.wp.com/thegemsbok.com/wp-content/uploads/2015/11/The-Stranger-book-cover.png?resize=262%2C400
2025-03-08 21:47:16 - Request URL: /password_change/ | Processing Time: 0.0074 sec
2025-03-08 21:47:47 - Request URL: /password_change/ | Processing Time: 1.3332 sec
2025-03-08 21:47:47 - Request URL: /password_change_done/ | Processing Time: 0.0131 sec
2025-03-08 21:47:52 - Request URL: / | Processing Time: 0.0106 sec
2025-03-08 21:47:52 - Request URL: /files/https:/encrypted-tbn0.gstatic.com/images?q=tbn:ANd9GcTGz6gQLP7iVUf5rkjXbvyO5npCHt-nd3lzsg&s | Processing Time: 0.0160 sec
2025-03-08 21:47:52 - Request URL: /files/https:/i0.wp.com/thegemsbok.com/wp-content/uploads/2015/11/The-Stranger-book-cover.png?resize=262%2C400 | Processing Time: 0.0172 sec
2025-03-08 21:47:52 - Not Found: /files/https:/encrypted-tbn0.gstatic.com/images?q=tbn:ANd9GcTGz6gQLP7iVUf5rkjXbvyO5npCHt-nd3lzsg&s
2025-03-08 21:47:52 - Not Found: /files/https:/i0.wp.com/thegemsbok.com/wp-content/uploads/2015/11/The-Stranger-book-cover.png?resize=262%2C400
2025-03-08 21:48:37 - Request URL: / | Processing Time: 0.0164 sec
2025-03-08 21:48:37 - Request URL: /files/https:/i0.wp.com/thegemsbok.com/wp-content/uploads/2015/11/The-Stranger-book-cover.png?resize=262%2C400 | Processing Time: 0.0083 sec
2025-03-08 21:48:37 - Request URL: /files/https:/encrypted-tbn0.gstatic.com/images?q=tbn:ANd9GcTGz6gQLP7iVUf5rkjXbvyO5npCHt-nd3lzsg&s | Processing Time: 0.0094 sec
2025-03-08 21:48:37 - Not Found: /files/https:/i0.wp.com/thegemsbok.com/wp-content/uploads/2015/11/The-Stranger-book-cover.png?resize=262%2C400
2025-03-08 21:48:37 - Not Found: /files/https:/encrypted-tbn0.gstatic.com/images?q=tbn:ANd9GcTGz6gQLP7iVUf5rkjXbvyO5npCHt-nd3lzsg&s
